[0.018s] Invoking command in '/home/ubuntu/Desktop/AutonomousRover/adiona_ws/build/adiona_pkg': CMAKE_PREFIX_PATH=/opt/ros/foxy /usr/bin/cmake /home/ubuntu/Desktop/AutonomousRover/adiona_ws/adiona_pkg -DCMAKE_INSTALL_PREFIX=/home/ubuntu/Desktop/AutonomousRover/adiona_ws/install/adiona_pkg
[0.047s] -- Found ament_cmake: 0.9.9 (/opt/ros/foxy/share/ament_cmake/cmake)
[0.073s] -- Using PYTHON_EXECUTABLE: /usr/bin/python3
[0.319s] -- Override CMake install command with custom implementation using symlinks instead of copying resources
[0.323s] -- Found rclcpp: 2.4.0 (/opt/ros/foxy/share/rclcpp/cmake)
[0.368s] -- Using all available rosidl_typesupport_c: rosidl_typesupport_fastrtps_c;rosidl_typesupport_introspection_c
[0.372s] -- Found rosidl_adapter: 1.2.1 (/opt/ros/foxy/share/rosidl_adapter/cmake)
[0.515s] -- Using all available rosidl_typesupport_cpp: rosidl_typesupport_fastrtps_cpp;rosidl_typesupport_introspection_cpp
[0.589s] -- Found rmw_implementation_cmake: 1.0.3 (/opt/ros/foxy/share/rmw_implementation_cmake/cmake)
[0.590s] -- Using RMW implementation 'rmw_fastrtps_cpp' as default
[0.766s] -- Found rclpy: 1.0.7 (/opt/ros/foxy/share/rclpy/cmake)
[0.768s] CMake Error at /opt/ros/foxy/share/ament_cmake_python/cmake/ament_python_install_package.cmake:46 (message):
[0.768s]   ament_python_install_package() the Python package folder
[0.768s]   '/home/ubuntu/Desktop/AutonomousRover/adiona_ws/adiona_pkg/adiona_pkg'
[0.768s]   doesn't contain an '__init__.py' file
[0.768s] Call Stack (most recent call first):
[0.768s]   /opt/ros/foxy/share/ament_cmake_python/cmake/ament_python_install_package.cmake:28 (_ament_cmake_python_install_package)
[0.768s]   CMakeLists.txt:34 (ament_python_install_package)
[0.768s] 
[0.768s] 
[0.770s] -- Configuring incomplete, errors occurred!
[0.770s] See also "/home/ubuntu/Desktop/AutonomousRover/adiona_ws/build/adiona_pkg/CMakeFiles/CMakeOutput.log".
[0.770s] See also "/home/ubuntu/Desktop/AutonomousRover/adiona_ws/build/adiona_pkg/CMakeFiles/CMakeError.log".
[0.782s] Invoked command in '/home/ubuntu/Desktop/AutonomousRover/adiona_ws/build/adiona_pkg' returned '1': CMAKE_PREFIX_PATH=/opt/ros/foxy /usr/bin/cmake /home/ubuntu/Desktop/AutonomousRover/adiona_ws/adiona_pkg -DCMAKE_INSTALL_PREFIX=/home/ubuntu/Desktop/AutonomousRover/adiona_ws/install/adiona_pkg
