[0.046s] Invoking command in '/home/burkehill/adiona_description/build/adiona_description': CMAKE_PREFIX_PATH=/opt/ros/foxy /usr/bin/cmake --build /home/burkehill/adiona_description/build/adiona_description -- -j2 -l2
[0.171s] Invoked command in '/home/burkehill/adiona_description/build/adiona_description' returned '0': CMAKE_PREFIX_PATH=/opt/ros/foxy /usr/bin/cmake --build /home/burkehill/adiona_description/build/adiona_description -- -j2 -l2
[0.279s] Invoking command in '/home/burkehill/adiona_description/build/adiona_description': CMAKE_PREFIX_PATH=/opt/ros/foxy /usr/bin/cmake --install /home/burkehill/adiona_description/build/adiona_description
[0.309s] -- Install configuration: ""
[0.310s] -- Up-to-date: /home/burkehill/adiona_description/install/adiona_description/share/adiona_description/src
[0.310s] -- Up-to-date: /home/burkehill/adiona_description/install/adiona_description/share/adiona_description/src/description
[0.310s] -- Installing: /home/burkehill/adiona_description/install/adiona_description/share/adiona_description/src/description/old.urdf
[0.310s] -- Installing: /home/burkehill/adiona_description/install/adiona_description/share/adiona_description/src/description/meshes
[0.311s] -- Installing: /home/burkehill/adiona_description/install/adiona_description/share/adiona_description/src/description/meshes/linkfr.STL
[0.314s] -- Installing: /home/burkehill/adiona_description/install/adiona_description/share/adiona_description/src/description/meshes/linkbl.STL
[0.318s] -- Installing: /home/burkehill/adiona_description/install/adiona_description/share/adiona_description/src/description/meshes/linkbr.STL
[0.321s] -- Installing: /home/burkehill/adiona_description/install/adiona_description/share/adiona_description/src/description/meshes/base_link.STL
[0.324s] -- Installing: /home/burkehill/adiona_description/install/adiona_description/share/adiona_description/src/description/meshes/linkfl.STL
[0.326s] -- Installing: /home/burkehill/adiona_description/install/adiona_description/share/adiona_description/src/description/urdf
[0.328s] -- Installing: /home/burkehill/adiona_description/install/adiona_description/share/adiona_description/src/description/urdf/URDF_Adiona_Mk1.csv
[0.329s] -- Installing: /home/burkehill/adiona_description/install/adiona_description/share/adiona_description/src/description/urdf/adiona_description.urdf
[0.330s] -- Up-to-date: /home/burkehill/adiona_description/install/adiona_description/share/adiona_description/launch
[0.330s] -- Installing: /home/burkehill/adiona_description/install/adiona_description/share/adiona_description/launch/display.launch.py
[0.331s] -- Up-to-date: /home/burkehill/adiona_description/install/adiona_description/share/adiona_description/rviz
[0.332s] -- Up-to-date: /home/burkehill/adiona_description/install/adiona_description/share/adiona_description/rviz/urdf_config.rviz
[0.333s] -- Up-to-date: /home/burkehill/adiona_description/install/adiona_description/share/ament_index/resource_index/package_run_dependencies/adiona_description
[0.334s] -- Up-to-date: /home/burkehill/adiona_description/install/adiona_description/share/ament_index/resource_index/parent_prefix_path/adiona_description
[0.334s] -- Up-to-date: /home/burkehill/adiona_description/install/adiona_description/share/adiona_description/environment/ament_prefix_path.sh
[0.335s] -- Up-to-date: /home/burkehill/adiona_description/install/adiona_description/share/adiona_description/environment/ament_prefix_path.dsv
[0.335s] -- Up-to-date: /home/burkehill/adiona_description/install/adiona_description/share/adiona_description/environment/path.sh
[0.335s] -- Up-to-date: /home/burkehill/adiona_description/install/adiona_description/share/adiona_description/environment/path.dsv
[0.336s] -- Up-to-date: /home/burkehill/adiona_description/install/adiona_description/share/adiona_description/local_setup.bash
[0.336s] -- Up-to-date: /home/burkehill/adiona_description/install/adiona_description/share/adiona_description/local_setup.sh
[0.337s] -- Up-to-date: /home/burkehill/adiona_description/install/adiona_description/share/adiona_description/local_setup.zsh
[0.337s] -- Up-to-date: /home/burkehill/adiona_description/install/adiona_description/share/adiona_description/local_setup.dsv
[0.339s] -- Up-to-date: /home/burkehill/adiona_description/install/adiona_description/share/adiona_description/package.dsv
[0.339s] -- Up-to-date: /home/burkehill/adiona_description/install/adiona_description/share/ament_index/resource_index/packages/adiona_description
[0.340s] -- Up-to-date: /home/burkehill/adiona_description/install/adiona_description/share/adiona_description/cmake/adiona_descriptionConfig.cmake
[0.340s] -- Up-to-date: /home/burkehill/adiona_description/install/adiona_description/share/adiona_description/cmake/adiona_descriptionConfig-version.cmake
[0.341s] -- Up-to-date: /home/burkehill/adiona_description/install/adiona_description/share/adiona_description/package.xml
[0.348s] Invoked command in '/home/burkehill/adiona_description/build/adiona_description' returned '0': CMAKE_PREFIX_PATH=/opt/ros/foxy /usr/bin/cmake --install /home/burkehill/adiona_description/build/adiona_description
