[0.021s] Invoking command in '/home/ubuntu/Desktop/AutonomousRover/adiona_ws/build/adiona_pkg': CMAKE_PREFIX_PATH=/opt/ros/foxy /usr/bin/cmake --build /home/ubuntu/Desktop/AutonomousRover/adiona_ws/build/adiona_pkg -- -j8 -l8
[0.047s] Invoked command in '/home/ubuntu/Desktop/AutonomousRover/adiona_ws/build/adiona_pkg' returned '0': CMAKE_PREFIX_PATH=/opt/ros/foxy /usr/bin/cmake --build /home/ubuntu/Desktop/AutonomousRover/adiona_ws/build/adiona_pkg -- -j8 -l8
[0.065s] Invoking command in '/home/ubuntu/Desktop/AutonomousRover/adiona_ws/build/adiona_pkg': CMAKE_PREFIX_PATH=/opt/ros/foxy /usr/bin/cmake --install /home/ubuntu/Desktop/AutonomousRover/adiona_ws/build/adiona_pkg
[0.070s] -- Install configuration: ""
[0.070s] -- Up-to-date: /home/ubuntu/Desktop/AutonomousRover/adiona_ws/install/adiona_pkg/share/adiona_pkg/config
[0.070s] -- Up-to-date: /home/ubuntu/Desktop/AutonomousRover/adiona_ws/install/adiona_pkg/share/adiona_pkg/config/blank.txt
[0.070s] -- Up-to-date: /home/ubuntu/Desktop/AutonomousRover/adiona_ws/install/adiona_pkg/share/adiona_pkg/launch
[0.071s] -- Up-to-date: /home/ubuntu/Desktop/AutonomousRover/adiona_ws/install/adiona_pkg/share/adiona_pkg/launch/urdftest.launch.py
[0.071s] -- Up-to-date: /home/ubuntu/Desktop/AutonomousRover/adiona_ws/install/adiona_pkg/share/adiona_pkg/launch/adionav2.launch.py
[0.071s] -- Up-to-date: /home/ubuntu/Desktop/AutonomousRover/adiona_ws/install/adiona_pkg/share/adiona_pkg/maps
[0.071s] -- Up-to-date: /home/ubuntu/Desktop/AutonomousRover/adiona_ws/install/adiona_pkg/share/adiona_pkg/maps/blank.txt
[0.071s] -- Up-to-date: /home/ubuntu/Desktop/AutonomousRover/adiona_ws/install/adiona_pkg/share/adiona_pkg/meshes
[0.071s] -- Up-to-date: /home/ubuntu/Desktop/AutonomousRover/adiona_ws/install/adiona_pkg/share/adiona_pkg/meshes/wheel.STL
[0.071s] -- Up-to-date: /home/ubuntu/Desktop/AutonomousRover/adiona_ws/install/adiona_pkg/share/adiona_pkg/meshes/base_link.STL
[0.071s] -- Up-to-date: /home/ubuntu/Desktop/AutonomousRover/adiona_ws/install/adiona_pkg/share/adiona_pkg/models
[0.071s] -- Up-to-date: /home/ubuntu/Desktop/AutonomousRover/adiona_ws/install/adiona_pkg/share/adiona_pkg/models/adiona_description
[0.072s] -- Up-to-date: /home/ubuntu/Desktop/AutonomousRover/adiona_ws/install/adiona_pkg/share/adiona_pkg/models/adiona_description/model.config
[0.072s] -- Up-to-date: /home/ubuntu/Desktop/AutonomousRover/adiona_ws/install/adiona_pkg/share/adiona_pkg/models/adiona_description/adiona.sdf
[0.072s] -- Up-to-date: /home/ubuntu/Desktop/AutonomousRover/adiona_ws/install/adiona_pkg/share/adiona_pkg/models/adiona.urdf
[0.072s] -- Up-to-date: /home/ubuntu/Desktop/AutonomousRover/adiona_ws/install/adiona_pkg/share/adiona_pkg/params
[0.072s] -- Up-to-date: /home/ubuntu/Desktop/AutonomousRover/adiona_ws/install/adiona_pkg/share/adiona_pkg/params/blank.txt
[0.072s] -- Up-to-date: /home/ubuntu/Desktop/AutonomousRover/adiona_ws/install/adiona_pkg/share/adiona_pkg/rviz
[0.072s] -- Up-to-date: /home/ubuntu/Desktop/AutonomousRover/adiona_ws/install/adiona_pkg/share/adiona_pkg/rviz/rviz_basic_settings.rviz
[0.072s] -- Up-to-date: /home/ubuntu/Desktop/AutonomousRover/adiona_ws/install/adiona_pkg/share/adiona_pkg/scripts
[0.072s] -- Up-to-date: /home/ubuntu/Desktop/AutonomousRover/adiona_ws/install/adiona_pkg/share/adiona_pkg/scripts/battery_state_pub.py
[0.072s] -- Up-to-date: /home/ubuntu/Desktop/AutonomousRover/adiona_ws/install/adiona_pkg/share/adiona_pkg/scripts/__init__.py
[0.072s] -- Up-to-date: /home/ubuntu/Desktop/AutonomousRover/adiona_ws/install/adiona_pkg/share/adiona_pkg/src
[0.072s] -- Up-to-date: /home/ubuntu/Desktop/AutonomousRover/adiona_ws/install/adiona_pkg/share/adiona_pkg/src/blank.txt
[0.072s] -- Up-to-date: /home/ubuntu/Desktop/AutonomousRover/adiona_ws/install/adiona_pkg/share/adiona_pkg/worlds
[0.072s] -- Up-to-date: /home/ubuntu/Desktop/AutonomousRover/adiona_ws/install/adiona_pkg/share/adiona_pkg/worlds/blank.txt
[0.072s] -- Up-to-date: /home/ubuntu/Desktop/AutonomousRover/adiona_ws/install/adiona_pkg/share/adiona_pkg/worlds/smalltown.world
[0.073s] -- Up-to-date: /home/ubuntu/Desktop/AutonomousRover/adiona_ws/install/adiona_pkg/share/adiona_pkg/environment/pythonpath.sh
[0.073s] -- Up-to-date: /home/ubuntu/Desktop/AutonomousRover/adiona_ws/install/adiona_pkg/share/adiona_pkg/environment/pythonpath.dsv
[0.073s] -- Up-to-date: /home/ubuntu/Desktop/AutonomousRover/adiona_ws/install/adiona_pkg/lib/python3.8/site-packages/scripts/
[0.073s] -- Up-to-date: /home/ubuntu/Desktop/AutonomousRover/adiona_ws/install/adiona_pkg/lib/python3.8/site-packages/scripts//battery_state_pub.py
[0.073s] -- Up-to-date: /home/ubuntu/Desktop/AutonomousRover/adiona_ws/install/adiona_pkg/lib/python3.8/site-packages/scripts//__init__.py
[0.093s] Listing '/home/ubuntu/Desktop/AutonomousRover/adiona_ws/install/adiona_pkg/lib/python3.8/site-packages/scripts/'...
[0.096s] -- Up-to-date: /home/ubuntu/Desktop/AutonomousRover/adiona_ws/install/adiona_pkg/lib/adiona_pkg/battery_state_pub.py
[0.097s] -- Up-to-date: /home/ubuntu/Desktop/AutonomousRover/adiona_ws/install/adiona_pkg/share/ament_index/resource_index/package_run_dependencies/adiona_pkg
[0.097s] -- Up-to-date: /home/ubuntu/Desktop/AutonomousRover/adiona_ws/install/adiona_pkg/share/ament_index/resource_index/parent_prefix_path/adiona_pkg
[0.097s] -- Up-to-date: /home/ubuntu/Desktop/AutonomousRover/adiona_ws/install/adiona_pkg/share/adiona_pkg/environment/ament_prefix_path.sh
[0.097s] -- Up-to-date: /home/ubuntu/Desktop/AutonomousRover/adiona_ws/install/adiona_pkg/share/adiona_pkg/environment/ament_prefix_path.dsv
[0.097s] -- Up-to-date: /home/ubuntu/Desktop/AutonomousRover/adiona_ws/install/adiona_pkg/share/adiona_pkg/environment/path.sh
[0.097s] -- Up-to-date: /home/ubuntu/Desktop/AutonomousRover/adiona_ws/install/adiona_pkg/share/adiona_pkg/environment/path.dsv
[0.097s] -- Up-to-date: /home/ubuntu/Desktop/AutonomousRover/adiona_ws/install/adiona_pkg/share/adiona_pkg/local_setup.bash
[0.097s] -- Up-to-date: /home/ubuntu/Desktop/AutonomousRover/adiona_ws/install/adiona_pkg/share/adiona_pkg/local_setup.sh
[0.097s] -- Up-to-date: /home/ubuntu/Desktop/AutonomousRover/adiona_ws/install/adiona_pkg/share/adiona_pkg/local_setup.zsh
[0.097s] -- Up-to-date: /home/ubuntu/Desktop/AutonomousRover/adiona_ws/install/adiona_pkg/share/adiona_pkg/local_setup.dsv
[0.098s] -- Up-to-date: /home/ubuntu/Desktop/AutonomousRover/adiona_ws/install/adiona_pkg/share/adiona_pkg/package.dsv
[0.098s] -- Up-to-date: /home/ubuntu/Desktop/AutonomousRover/adiona_ws/install/adiona_pkg/share/ament_index/resource_index/packages/adiona_pkg
[0.098s] -- Up-to-date: /home/ubuntu/Desktop/AutonomousRover/adiona_ws/install/adiona_pkg/share/adiona_pkg/cmake/adiona_pkgConfig.cmake
[0.098s] -- Up-to-date: /home/ubuntu/Desktop/AutonomousRover/adiona_ws/install/adiona_pkg/share/adiona_pkg/cmake/adiona_pkgConfig-version.cmake
[0.098s] -- Up-to-date: /home/ubuntu/Desktop/AutonomousRover/adiona_ws/install/adiona_pkg/share/adiona_pkg/package.xml
[0.099s] Invoked command in '/home/ubuntu/Desktop/AutonomousRover/adiona_ws/build/adiona_pkg' returned '0': CMAKE_PREFIX_PATH=/opt/ros/foxy /usr/bin/cmake --install /home/ubuntu/Desktop/AutonomousRover/adiona_ws/build/adiona_pkg
