[0.024s] Invoking command in '/home/ubuntu/Desktop/AutonomousRover/adiona_ws/build/adiona_pkg': CMAKE_PREFIX_PATH=${CMAKE_PREFIX_PATH}:/opt/ros/foxy /usr/bin/cmake --build /home/ubuntu/Desktop/AutonomousRover/adiona_ws/build/adiona_pkg -- -j2 -l2
[0.073s] -- Found ament_cmake: 0.9.9 (/opt/ros/foxy/share/ament_cmake/cmake)
[0.100s] -- Using PYTHON_EXECUTABLE: /usr/bin/python3
[0.320s] -- Found rclcpp: 2.4.0 (/opt/ros/foxy/share/rclcpp/cmake)
[0.413s] -- Using all available rosidl_typesupport_c: rosidl_typesupport_fastrtps_c;rosidl_typesupport_introspection_c
[0.444s] -- Found rosidl_adapter: 1.2.1 (/opt/ros/foxy/share/rosidl_adapter/cmake)
[0.590s] -- Found OpenSSL: /usr/lib/x86_64-linux-gnu/libcrypto.so (found version "1.1.1f")  
[0.628s] -- Found FastRTPS: /opt/ros/foxy/include  
[0.744s] -- Using all available rosidl_typesupport_cpp: rosidl_typesupport_fastrtps_cpp;rosidl_typesupport_introspection_cpp
[0.866s] -- Found rmw_implementation_cmake: 1.0.3 (/opt/ros/foxy/share/rmw_implementation_cmake/cmake)
[0.870s] -- Using RMW implementation 'rmw_fastrtps_cpp' as default
[0.874s] -- Looking for pthread.h
[1.201s] -- Looking for pthread.h - found
[1.201s] -- Performing Test CMAKE_HAVE_LIBC_PTHREAD
[1.316s] -- Performing Test CMAKE_HAVE_LIBC_PTHREAD - Failed
[1.316s] -- Looking for pthread_create in pthreads
[1.422s] -- Looking for pthread_create in pthreads - not found
[1.422s] -- Looking for pthread_create in pthread
[1.563s] -- Looking for pthread_create in pthread - found
[1.565s] -- Found Threads: TRUE  
[1.809s] -- Found rclpy: 1.0.7 (/opt/ros/foxy/share/rclpy/cmake)
[1.809s] -- Found ament_lint_auto: 0.9.6 (/opt/ros/foxy/share/ament_lint_auto/cmake)
[1.893s] -- Added test 'copyright' to check source files copyright and LICENSE
[1.896s] -- Added test 'flake8' to check Python code syntax and style conventions
[1.897s] -- Added test 'lint_cmake' to check CMake code style
[1.898s] -- Added test 'pep257' to check Python code against some of the style conventions in PEP 257
[1.900s] -- Added test 'xmllint' to check XML markup files
[1.904s] -- Configuring done
[1.909s] -- Generating done
[1.913s] -- Build files have been written to: /home/ubuntu/Desktop/AutonomousRover/adiona_ws/build/adiona_pkg
[1.954s] Invoked command in '/home/ubuntu/Desktop/AutonomousRover/adiona_ws/build/adiona_pkg' returned '0': CMAKE_PREFIX_PATH=${CMAKE_PREFIX_PATH}:/opt/ros/foxy /usr/bin/cmake --build /home/ubuntu/Desktop/AutonomousRover/adiona_ws/build/adiona_pkg -- -j2 -l2
[2.012s] Invoking command in '/home/ubuntu/Desktop/AutonomousRover/adiona_ws/build/adiona_pkg': CMAKE_PREFIX_PATH=${CMAKE_PREFIX_PATH}:/opt/ros/foxy /usr/bin/cmake --install /home/ubuntu/Desktop/AutonomousRover/adiona_ws/build/adiona_pkg
[2.028s] -- Install configuration: ""
[2.028s] -- Up-to-date: /home/ubuntu/Desktop/AutonomousRover/adiona_ws/install/adiona_pkg/share/adiona_pkg/config
[2.029s] -- Up-to-date: /home/ubuntu/Desktop/AutonomousRover/adiona_ws/install/adiona_pkg/share/adiona_pkg/config/blank.txt
[2.029s] -- Up-to-date: /home/ubuntu/Desktop/AutonomousRover/adiona_ws/install/adiona_pkg/share/adiona_pkg/launch
[2.029s] -- Up-to-date: /home/ubuntu/Desktop/AutonomousRover/adiona_ws/install/adiona_pkg/share/adiona_pkg/launch/urdftest.launch.py
[2.029s] -- Up-to-date: /home/ubuntu/Desktop/AutonomousRover/adiona_ws/install/adiona_pkg/share/adiona_pkg/maps
[2.029s] -- Up-to-date: /home/ubuntu/Desktop/AutonomousRover/adiona_ws/install/adiona_pkg/share/adiona_pkg/maps/blank.txt
[2.030s] -- Up-to-date: /home/ubuntu/Desktop/AutonomousRover/adiona_ws/install/adiona_pkg/share/adiona_pkg/meshes
[2.030s] -- Up-to-date: /home/ubuntu/Desktop/AutonomousRover/adiona_ws/install/adiona_pkg/share/adiona_pkg/meshes/base_link.STL
[2.030s] -- Up-to-date: /home/ubuntu/Desktop/AutonomousRover/adiona_ws/install/adiona_pkg/share/adiona_pkg/meshes/wheel.STL
[2.030s] -- Up-to-date: /home/ubuntu/Desktop/AutonomousRover/adiona_ws/install/adiona_pkg/share/adiona_pkg/models
[2.031s] -- Up-to-date: /home/ubuntu/Desktop/AutonomousRover/adiona_ws/install/adiona_pkg/share/adiona_pkg/models/adiona.urdf
[2.031s] -- Up-to-date: /home/ubuntu/Desktop/AutonomousRover/adiona_ws/install/adiona_pkg/share/adiona_pkg/models/adiona_description
[2.033s] -- Up-to-date: /home/ubuntu/Desktop/AutonomousRover/adiona_ws/install/adiona_pkg/share/adiona_pkg/models/adiona_description/adiona.sdf
[2.033s] -- Up-to-date: /home/ubuntu/Desktop/AutonomousRover/adiona_ws/install/adiona_pkg/share/adiona_pkg/models/adiona_description/model.config
[2.033s] -- Up-to-date: /home/ubuntu/Desktop/AutonomousRover/adiona_ws/install/adiona_pkg/share/adiona_pkg/params
[2.034s] -- Up-to-date: /home/ubuntu/Desktop/AutonomousRover/adiona_ws/install/adiona_pkg/share/adiona_pkg/params/blank.txt
[2.034s] -- Up-to-date: /home/ubuntu/Desktop/AutonomousRover/adiona_ws/install/adiona_pkg/share/adiona_pkg/rviz
[2.034s] -- Up-to-date: /home/ubuntu/Desktop/AutonomousRover/adiona_ws/install/adiona_pkg/share/adiona_pkg/rviz/rviz_basic_settings.rviz
[2.034s] -- Up-to-date: /home/ubuntu/Desktop/AutonomousRover/adiona_ws/install/adiona_pkg/share/adiona_pkg/scripts
[2.035s] -- Up-to-date: /home/ubuntu/Desktop/AutonomousRover/adiona_ws/install/adiona_pkg/share/adiona_pkg/scripts/blank.txt
[2.035s] -- Up-to-date: /home/ubuntu/Desktop/AutonomousRover/adiona_ws/install/adiona_pkg/share/adiona_pkg/scripts/battery_state
[2.035s] -- Up-to-date: /home/ubuntu/Desktop/AutonomousRover/adiona_ws/install/adiona_pkg/share/adiona_pkg/scripts/battery_state/battery_state_pub.py
[2.035s] -- Up-to-date: /home/ubuntu/Desktop/AutonomousRover/adiona_ws/install/adiona_pkg/share/adiona_pkg/src
[2.036s] -- Up-to-date: /home/ubuntu/Desktop/AutonomousRover/adiona_ws/install/adiona_pkg/share/adiona_pkg/src/blank.txt
[2.036s] -- Up-to-date: /home/ubuntu/Desktop/AutonomousRover/adiona_ws/install/adiona_pkg/share/adiona_pkg/worlds
[2.036s] -- Up-to-date: /home/ubuntu/Desktop/AutonomousRover/adiona_ws/install/adiona_pkg/share/adiona_pkg/worlds/blank.txt
[2.037s] -- Up-to-date: /home/ubuntu/Desktop/AutonomousRover/adiona_ws/install/adiona_pkg/lib/adiona_pkg/battery_state_pub.py
[2.037s] -- Up-to-date: /home/ubuntu/Desktop/AutonomousRover/adiona_ws/install/adiona_pkg/share/ament_index/resource_index/package_run_dependencies/adiona_pkg
[2.037s] -- Installing: /home/ubuntu/Desktop/AutonomousRover/adiona_ws/install/adiona_pkg/share/ament_index/resource_index/parent_prefix_path/adiona_pkg
[2.038s] -- Up-to-date: /home/ubuntu/Desktop/AutonomousRover/adiona_ws/install/adiona_pkg/share/adiona_pkg/environment/ament_prefix_path.sh
[2.038s] -- Installing: /home/ubuntu/Desktop/AutonomousRover/adiona_ws/install/adiona_pkg/share/adiona_pkg/environment/ament_prefix_path.dsv
[2.039s] -- Up-to-date: /home/ubuntu/Desktop/AutonomousRover/adiona_ws/install/adiona_pkg/share/adiona_pkg/environment/path.sh
[2.039s] -- Installing: /home/ubuntu/Desktop/AutonomousRover/adiona_ws/install/adiona_pkg/share/adiona_pkg/environment/path.dsv
[2.039s] -- Up-to-date: /home/ubuntu/Desktop/AutonomousRover/adiona_ws/install/adiona_pkg/share/adiona_pkg/local_setup.bash
[2.040s] -- Up-to-date: /home/ubuntu/Desktop/AutonomousRover/adiona_ws/install/adiona_pkg/share/adiona_pkg/local_setup.sh
[2.040s] -- Up-to-date: /home/ubuntu/Desktop/AutonomousRover/adiona_ws/install/adiona_pkg/share/adiona_pkg/local_setup.zsh
[2.040s] -- Installing: /home/ubuntu/Desktop/AutonomousRover/adiona_ws/install/adiona_pkg/share/adiona_pkg/local_setup.dsv
[2.041s] -- Installing: /home/ubuntu/Desktop/AutonomousRover/adiona_ws/install/adiona_pkg/share/adiona_pkg/package.dsv
[2.041s] -- Up-to-date: /home/ubuntu/Desktop/AutonomousRover/adiona_ws/install/adiona_pkg/share/ament_index/resource_index/packages/adiona_pkg
[2.042s] -- Up-to-date: /home/ubuntu/Desktop/AutonomousRover/adiona_ws/install/adiona_pkg/share/adiona_pkg/cmake/adiona_pkgConfig.cmake
[2.042s] -- Up-to-date: /home/ubuntu/Desktop/AutonomousRover/adiona_ws/install/adiona_pkg/share/adiona_pkg/cmake/adiona_pkgConfig-version.cmake
[2.042s] -- Up-to-date: /home/ubuntu/Desktop/AutonomousRover/adiona_ws/install/adiona_pkg/share/adiona_pkg/package.xml
[2.053s] Invoked command in '/home/ubuntu/Desktop/AutonomousRover/adiona_ws/build/adiona_pkg' returned '0': CMAKE_PREFIX_PATH=${CMAKE_PREFIX_PATH}:/opt/ros/foxy /usr/bin/cmake --install /home/ubuntu/Desktop/AutonomousRover/adiona_ws/build/adiona_pkg
