[0.018s] Invoking command in '/home/ubuntu/Desktop/AutonomousRover/adiona_ws/build/adiona_pkg': CMAKE_PREFIX_PATH=${CMAKE_PREFIX_PATH}:/opt/ros/foxy /usr/bin/cmake --build /home/ubuntu/Desktop/AutonomousRover/adiona_ws/build/adiona_pkg -- -j2 -l2
[0.088s] -- Found ament_cmake: 0.9.9 (/opt/ros/foxy/share/ament_cmake/cmake)
[0.125s] -- Using PYTHON_EXECUTABLE: /usr/bin/python3
[0.383s] -- Found rclcpp: 2.4.0 (/opt/ros/foxy/share/rclcpp/cmake)
[0.419s] -- Using all available rosidl_typesupport_c: rosidl_typesupport_fastrtps_c;rosidl_typesupport_introspection_c
[0.423s] -- Found rosidl_adapter: 1.2.1 (/opt/ros/foxy/share/rosidl_adapter/cmake)
[0.565s] -- Using all available rosidl_typesupport_cpp: rosidl_typesupport_fastrtps_cpp;rosidl_typesupport_introspection_cpp
[0.623s] -- Found rmw_implementation_cmake: 1.0.3 (/opt/ros/foxy/share/rmw_implementation_cmake/cmake)
[0.625s] -- Using RMW implementation 'rmw_fastrtps_cpp' as default
[0.805s] -- Found rclpy: 1.0.7 (/opt/ros/foxy/share/rclpy/cmake)
[0.807s] CMake Error at /opt/ros/foxy/share/ament_cmake_python/cmake/ament_python_install_package.cmake:46 (message):
[0.808s]   ament_python_install_package() the Python package folder
[0.808s]   '/home/ubuntu/Desktop/AutonomousRover/adiona_ws/adiona_pkg/adiona_pkg'
[0.808s]   doesn't contain an '__init__.py' file
[0.809s] Call Stack (most recent call first):
[0.809s]   /opt/ros/foxy/share/ament_cmake_python/cmake/ament_python_install_package.cmake:28 (_ament_cmake_python_install_package)
[0.809s]   CMakeLists.txt:34 (ament_python_install_package)
[0.810s] 
[0.810s] 
[0.812s] -- Configuring incomplete, errors occurred!
[0.812s] See also "/home/ubuntu/Desktop/AutonomousRover/adiona_ws/build/adiona_pkg/CMakeFiles/CMakeOutput.log".
[0.813s] See also "/home/ubuntu/Desktop/AutonomousRover/adiona_ws/build/adiona_pkg/CMakeFiles/CMakeError.log".
[0.820s] make: *** [Makefile:222: cmake_check_build_system] Error 1
[0.833s] Invoked command in '/home/ubuntu/Desktop/AutonomousRover/adiona_ws/build/adiona_pkg' returned '2': CMAKE_PREFIX_PATH=${CMAKE_PREFIX_PATH}:/opt/ros/foxy /usr/bin/cmake --build /home/ubuntu/Desktop/AutonomousRover/adiona_ws/build/adiona_pkg -- -j2 -l2
