[0.025s] Invoking command in '/home/burkehill/adiona_description/build/adiona_description': CMAKE_PREFIX_PATH=${CMAKE_PREFIX_PATH}:/opt/ros/foxy /usr/bin/cmake --build /home/burkehill/adiona_description/build/adiona_description -- -j2 -l2
[0.087s] -- Found ament_cmake: 0.9.9 (/opt/ros/foxy/share/ament_cmake/cmake)
[0.127s] -- Using PYTHON_EXECUTABLE: /usr/bin/python3
[0.349s] -- Found ament_lint_auto: 0.9.6 (/opt/ros/foxy/share/ament_lint_auto/cmake)
[0.423s] -- Added test 'copyright' to check source files copyright and LICENSE
[0.444s] -- Added test 'cppcheck' to perform static code analysis on C / C++ code
[0.445s] -- Configured cppcheck include dirs: 
[0.445s] -- Configured cppcheck exclude dirs and/or files: 
[0.462s] -- Added test 'cpplint' to check C / C++ code against the Google style
[0.463s] -- Configured cpplint exclude dirs and/or files: 
[0.465s] -- Added test 'flake8' to check Python code syntax and style conventions
[0.468s] -- Added test 'lint_cmake' to check CMake code style
[0.471s] -- Added test 'pep257' to check Python code against some of the style conventions in PEP 257
[0.483s] -- Added test 'uncrustify' to check C / C++ code style
[0.483s] -- Configured uncrustify additional arguments: 
[0.485s] -- Added test 'xmllint' to check XML markup files
[0.487s] -- Configuring done
[0.499s] -- Generating done
[0.501s] -- Build files have been written to: /home/burkehill/adiona_description/build/adiona_description
[0.529s] Invoked command in '/home/burkehill/adiona_description/build/adiona_description' returned '0': CMAKE_PREFIX_PATH=${CMAKE_PREFIX_PATH}:/opt/ros/foxy /usr/bin/cmake --build /home/burkehill/adiona_description/build/adiona_description -- -j2 -l2
[0.577s] Invoking command in '/home/burkehill/adiona_description/build/adiona_description': CMAKE_PREFIX_PATH=${CMAKE_PREFIX_PATH}:/opt/ros/foxy /usr/bin/cmake --install /home/burkehill/adiona_description/build/adiona_description
[0.590s] -- Install configuration: ""
[0.590s] -- Up-to-date: /home/burkehill/adiona_description/install/adiona_description/share/adiona_description/src
[0.591s] -- Up-to-date: /home/burkehill/adiona_description/install/adiona_description/share/adiona_description/src/description
[0.591s] -- Installing: /home/burkehill/adiona_description/install/adiona_description/share/adiona_description/src/description/adiona_description.urdf
[0.591s] -- Up-to-date: /home/burkehill/adiona_description/install/adiona_description/share/adiona_description/launch
[0.591s] -- Installing: /home/burkehill/adiona_description/install/adiona_description/share/adiona_description/launch/display.launch.py
[0.591s] -- Up-to-date: /home/burkehill/adiona_description/install/adiona_description/share/adiona_description/rviz
[0.591s] -- Up-to-date: /home/burkehill/adiona_description/install/adiona_description/share/adiona_description/rviz/urdf_config.rviz
[0.591s] -- Installing: /home/burkehill/adiona_description/install/adiona_description/share/ament_index/resource_index/package_run_dependencies/adiona_description
[0.591s] -- Installing: /home/burkehill/adiona_description/install/adiona_description/share/ament_index/resource_index/parent_prefix_path/adiona_description
[0.591s] -- Up-to-date: /home/burkehill/adiona_description/install/adiona_description/share/adiona_description/environment/ament_prefix_path.sh
[0.591s] -- Installing: /home/burkehill/adiona_description/install/adiona_description/share/adiona_description/environment/ament_prefix_path.dsv
[0.592s] -- Up-to-date: /home/burkehill/adiona_description/install/adiona_description/share/adiona_description/environment/path.sh
[0.592s] -- Installing: /home/burkehill/adiona_description/install/adiona_description/share/adiona_description/environment/path.dsv
[0.592s] -- Up-to-date: /home/burkehill/adiona_description/install/adiona_description/share/adiona_description/local_setup.bash
[0.592s] -- Up-to-date: /home/burkehill/adiona_description/install/adiona_description/share/adiona_description/local_setup.sh
[0.592s] -- Up-to-date: /home/burkehill/adiona_description/install/adiona_description/share/adiona_description/local_setup.zsh
[0.592s] -- Installing: /home/burkehill/adiona_description/install/adiona_description/share/adiona_description/local_setup.dsv
[0.592s] -- Installing: /home/burkehill/adiona_description/install/adiona_description/share/adiona_description/package.dsv
[0.592s] -- Up-to-date: /home/burkehill/adiona_description/install/adiona_description/share/ament_index/resource_index/packages/adiona_description
[0.592s] -- Up-to-date: /home/burkehill/adiona_description/install/adiona_description/share/adiona_description/cmake/adiona_descriptionConfig.cmake
[0.593s] -- Up-to-date: /home/burkehill/adiona_description/install/adiona_description/share/adiona_description/cmake/adiona_descriptionConfig-version.cmake
[0.593s] -- Installing: /home/burkehill/adiona_description/install/adiona_description/share/adiona_description/package.xml
[0.601s] Invoked command in '/home/burkehill/adiona_description/build/adiona_description' returned '0': CMAKE_PREFIX_PATH=${CMAKE_PREFIX_PATH}:/opt/ros/foxy /usr/bin/cmake --install /home/burkehill/adiona_description/build/adiona_description
