[0.011s] Invoking command in '/home/ubuntu/Desktop/AutonomousRover/adiona_ws/build/adiona_pkg': CMAKE_PREFIX_PATH=/opt/ros/foxy /usr/bin/cmake --build /home/ubuntu/Desktop/AutonomousRover/adiona_ws/build/adiona_pkg -- -j2 -l2
[0.061s] -- Found ament_cmake: 0.9.9 (/opt/ros/foxy/share/ament_cmake/cmake)
[0.098s] -- Using PYTHON_EXECUTABLE: /usr/bin/python3
[0.391s] -- Found rclcpp: 2.4.0 (/opt/ros/foxy/share/rclcpp/cmake)
[0.432s] -- Using all available rosidl_typesupport_c: rosidl_typesupport_fastrtps_c;rosidl_typesupport_introspection_c
[0.438s] -- Found rosidl_adapter: 1.2.1 (/opt/ros/foxy/share/rosidl_adapter/cmake)
[0.592s] -- Using all available rosidl_typesupport_cpp: rosidl_typesupport_fastrtps_cpp;rosidl_typesupport_introspection_cpp
[0.657s] -- Found rmw_implementation_cmake: 1.0.3 (/opt/ros/foxy/share/rmw_implementation_cmake/cmake)
[0.659s] -- Using RMW implementation 'rmw_fastrtps_cpp' as default
[0.843s] -- Found rclpy: 1.0.7 (/opt/ros/foxy/share/rclpy/cmake)
[0.844s] CMake Error at /opt/ros/foxy/share/ament_cmake_python/cmake/ament_python_install_package.cmake:46 (message):
[0.845s]   ament_python_install_package() the Python package folder
[0.845s]   '/home/ubuntu/Desktop/AutonomousRover/adiona_ws/adiona_pkg/adiona_pkg'
[0.845s]   doesn't contain an '__init__.py' file
[0.845s] Call Stack (most recent call first):
[0.845s]   /opt/ros/foxy/share/ament_cmake_python/cmake/ament_python_install_package.cmake:28 (_ament_cmake_python_install_package)
[0.845s]   CMakeLists.txt:34 (ament_python_install_package)
[0.845s] 
[0.845s] 
[0.846s] -- Configuring incomplete, errors occurred!
[0.846s] See also "/home/ubuntu/Desktop/AutonomousRover/adiona_ws/build/adiona_pkg/CMakeFiles/CMakeOutput.log".
[0.846s] See also "/home/ubuntu/Desktop/AutonomousRover/adiona_ws/build/adiona_pkg/CMakeFiles/CMakeError.log".
[0.857s] make: *** [Makefile:222: cmake_check_build_system] Error 1
[0.861s] Invoked command in '/home/ubuntu/Desktop/AutonomousRover/adiona_ws/build/adiona_pkg' returned '2': CMAKE_PREFIX_PATH=/opt/ros/foxy /usr/bin/cmake --build /home/ubuntu/Desktop/AutonomousRover/adiona_ws/build/adiona_pkg -- -j2 -l2
