[0.017s] Invoking command in '/home/ubuntu/Desktop/AutonomousRover/adiona_ws/build/adiona_pkg': CMAKE_PREFIX_PATH=/opt/ros/foxy /usr/bin/cmake --build /home/ubuntu/Desktop/AutonomousRover/adiona_ws/build/adiona_pkg -- -j8 -l8
[0.046s] Invoked command in '/home/ubuntu/Desktop/AutonomousRover/adiona_ws/build/adiona_pkg' returned '0': CMAKE_PREFIX_PATH=/opt/ros/foxy /usr/bin/cmake --build /home/ubuntu/Desktop/AutonomousRover/adiona_ws/build/adiona_pkg -- -j8 -l8
[0.071s] Invoking command in '/home/ubuntu/Desktop/AutonomousRover/adiona_ws/build/adiona_pkg': CMAKE_PREFIX_PATH=/opt/ros/foxy /usr/bin/cmake --install /home/ubuntu/Desktop/AutonomousRover/adiona_ws/build/adiona_pkg
[0.077s] -- Install configuration: ""
[0.078s] -- Up-to-date: /home/ubuntu/Desktop/AutonomousRover/adiona_ws/install/adiona_pkg/share/adiona_pkg/config
[0.078s] -- Up-to-date: /home/ubuntu/Desktop/AutonomousRover/adiona_ws/install/adiona_pkg/share/adiona_pkg/launch
[0.078s] -- Up-to-date: /home/ubuntu/Desktop/AutonomousRover/adiona_ws/install/adiona_pkg/share/adiona_pkg/launch/urdftest.launch.py
[0.078s] -- Up-to-date: /home/ubuntu/Desktop/AutonomousRover/adiona_ws/install/adiona_pkg/share/adiona_pkg/launch/adionav2.launch.py
[0.078s] -- Installing: /home/ubuntu/Desktop/AutonomousRover/adiona_ws/install/adiona_pkg/share/adiona_pkg/maps
[0.078s] -- Up-to-date: /home/ubuntu/Desktop/AutonomousRover/adiona_ws/install/adiona_pkg/share/adiona_pkg/meshes
[0.078s] -- Installing: /home/ubuntu/Desktop/AutonomousRover/adiona_ws/install/adiona_pkg/share/adiona_pkg/meshes/wheel.STL
[0.078s] -- Installing: /home/ubuntu/Desktop/AutonomousRover/adiona_ws/install/adiona_pkg/share/adiona_pkg/meshes/base_link.STL
[0.079s] CMake Error at cmake_install.cmake:41 (file):
[0.079s]   file INSTALL cannot find
[0.079s]   "/home/ubuntu/Desktop/AutonomousRover/adiona_ws/adiona_pkg/params": No such
[0.079s]   file or directory.
[0.080s] 
[0.080s] 
[0.080s] -- Up-to-date: /home/ubuntu/Desktop/AutonomousRover/adiona_ws/install/adiona_pkg/share/adiona_pkg/models
[0.080s] -- Up-to-date: /home/ubuntu/Desktop/AutonomousRover/adiona_ws/install/adiona_pkg/share/adiona_pkg/models/adiona_description
[0.080s] -- Installing: /home/ubuntu/Desktop/AutonomousRover/adiona_ws/install/adiona_pkg/share/adiona_pkg/models/adiona_description/model.config
[0.080s] -- Installing: /home/ubuntu/Desktop/AutonomousRover/adiona_ws/install/adiona_pkg/share/adiona_pkg/models/adiona_description/adiona.sdf
[0.081s] -- Installing: /home/ubuntu/Desktop/AutonomousRover/adiona_ws/install/adiona_pkg/share/adiona_pkg/models/adiona.urdf
[0.081s] Invoked command in '/home/ubuntu/Desktop/AutonomousRover/adiona_ws/build/adiona_pkg' returned '1': CMAKE_PREFIX_PATH=/opt/ros/foxy /usr/bin/cmake --install /home/ubuntu/Desktop/AutonomousRover/adiona_ws/build/adiona_pkg
