[0.021s] Invoking command in '/home/burkehill/adiona_description/build/adiona_description': CMAKE_PREFIX_PATH=/opt/ros/foxy /usr/bin/cmake --build /home/burkehill/adiona_description/build/adiona_description -- -j2 -l2
[0.087s] -- Found ament_cmake: 0.9.9 (/opt/ros/foxy/share/ament_cmake/cmake)
[0.115s] -- Using PYTHON_EXECUTABLE: /usr/bin/python3
[0.330s] -- Found ament_lint_auto: 0.9.6 (/opt/ros/foxy/share/ament_lint_auto/cmake)
[0.404s] -- Added test 'copyright' to check source files copyright and LICENSE
[0.425s] -- Added test 'cppcheck' to perform static code analysis on C / C++ code
[0.425s] -- Configured cppcheck include dirs: 
[0.425s] -- Configured cppcheck exclude dirs and/or files: 
[0.440s] -- Added test 'cpplint' to check C / C++ code against the Google style
[0.440s] -- Configured cpplint exclude dirs and/or files: 
[0.442s] -- Added test 'flake8' to check Python code syntax and style conventions
[0.446s] -- Added test 'lint_cmake' to check CMake code style
[0.447s] -- Added test 'pep257' to check Python code against some of the style conventions in PEP 257
[0.465s] -- Added test 'uncrustify' to check C / C++ code style
[0.465s] -- Configured uncrustify additional arguments: 
[0.467s] -- Added test 'xmllint' to check XML markup files
[0.474s] -- Configuring done
[0.482s] -- Generating done
[0.484s] -- Build files have been written to: /home/burkehill/adiona_description/build/adiona_description
[0.512s] Invoked command in '/home/burkehill/adiona_description/build/adiona_description' returned '0': CMAKE_PREFIX_PATH=/opt/ros/foxy /usr/bin/cmake --build /home/burkehill/adiona_description/build/adiona_description -- -j2 -l2
[0.563s] Invoking command in '/home/burkehill/adiona_description/build/adiona_description': CMAKE_PREFIX_PATH=/opt/ros/foxy /usr/bin/cmake --install /home/burkehill/adiona_description/build/adiona_description
[0.576s] -- Install configuration: ""
[0.576s] -- Up-to-date: /home/burkehill/adiona_description/install/adiona_description/share/adiona_description/src
[0.576s] -- Up-to-date: /home/burkehill/adiona_description/install/adiona_description/share/adiona_description/src/description
[0.576s] -- Up-to-date: /home/burkehill/adiona_description/install/adiona_description/share/adiona_description/src/description/adiona_description.urdf
[0.577s] -- Up-to-date: /home/burkehill/adiona_description/install/adiona_description/share/adiona_description/launch
[0.577s] -- Installing: /home/burkehill/adiona_description/install/adiona_description/share/adiona_description/launch/display.launch.py
[0.577s] -- Up-to-date: /home/burkehill/adiona_description/install/adiona_description/share/adiona_description/rviz
[0.577s] -- Up-to-date: /home/burkehill/adiona_description/install/adiona_description/share/adiona_description/rviz/urdf_config.rviz
[0.578s] -- Installing: /home/burkehill/adiona_description/install/adiona_description/share/adiona_description/config
[0.578s] -- Installing: /home/burkehill/adiona_description/install/adiona_description/share/adiona_description/config/ekf.yaml
[0.578s] -- Installing: /home/burkehill/adiona_description/install/adiona_description/share/ament_index/resource_index/package_run_dependencies/adiona_description
[0.578s] -- Installing: /home/burkehill/adiona_description/install/adiona_description/share/ament_index/resource_index/parent_prefix_path/adiona_description
[0.578s] -- Up-to-date: /home/burkehill/adiona_description/install/adiona_description/share/adiona_description/environment/ament_prefix_path.sh
[0.578s] -- Installing: /home/burkehill/adiona_description/install/adiona_description/share/adiona_description/environment/ament_prefix_path.dsv
[0.579s] -- Up-to-date: /home/burkehill/adiona_description/install/adiona_description/share/adiona_description/environment/path.sh
[0.579s] -- Installing: /home/burkehill/adiona_description/install/adiona_description/share/adiona_description/environment/path.dsv
[0.579s] -- Up-to-date: /home/burkehill/adiona_description/install/adiona_description/share/adiona_description/local_setup.bash
[0.580s] -- Up-to-date: /home/burkehill/adiona_description/install/adiona_description/share/adiona_description/local_setup.sh
[0.580s] -- Up-to-date: /home/burkehill/adiona_description/install/adiona_description/share/adiona_description/local_setup.zsh
[0.580s] -- Installing: /home/burkehill/adiona_description/install/adiona_description/share/adiona_description/local_setup.dsv
[0.580s] -- Installing: /home/burkehill/adiona_description/install/adiona_description/share/adiona_description/package.dsv
[0.581s] -- Up-to-date: /home/burkehill/adiona_description/install/adiona_description/share/ament_index/resource_index/packages/adiona_description
[0.581s] -- Up-to-date: /home/burkehill/adiona_description/install/adiona_description/share/adiona_description/cmake/adiona_descriptionConfig.cmake
[0.581s] -- Up-to-date: /home/burkehill/adiona_description/install/adiona_description/share/adiona_description/cmake/adiona_descriptionConfig-version.cmake
[0.581s] -- Installing: /home/burkehill/adiona_description/install/adiona_description/share/adiona_description/package.xml
[0.584s] Invoked command in '/home/burkehill/adiona_description/build/adiona_description' returned '0': CMAKE_PREFIX_PATH=/opt/ros/foxy /usr/bin/cmake --install /home/burkehill/adiona_description/build/adiona_description
