[0.010s] Invoking command in '/home/ubuntu/Desktop/AutonomousRover/adiona_ws/build/adiona_pkg': CMAKE_PREFIX_PATH=/opt/ros/foxy /usr/bin/cmake /home/ubuntu/Desktop/AutonomousRover/adiona_ws/adiona_pkg -DCMAKE_INSTALL_PREFIX=/home/ubuntu/Desktop/AutonomousRover/adiona_ws/install/adiona_pkg
[0.036s] -- Found ament_cmake: 0.9.9 (/opt/ros/foxy/share/ament_cmake/cmake)
[0.070s] -- Using PYTHON_EXECUTABLE: /usr/bin/python3
[0.278s] -- Override CMake install command with custom implementation using symlinks instead of copying resources
[0.286s] -- Found rclcpp: 2.4.0 (/opt/ros/foxy/share/rclcpp/cmake)
[0.326s] -- Using all available rosidl_typesupport_c: rosidl_typesupport_fastrtps_c;rosidl_typesupport_introspection_c
[0.331s] -- Found rosidl_adapter: 1.2.1 (/opt/ros/foxy/share/rosidl_adapter/cmake)
[0.474s] -- Using all available rosidl_typesupport_cpp: rosidl_typesupport_fastrtps_cpp;rosidl_typesupport_introspection_cpp
[0.530s] -- Found rmw_implementation_cmake: 1.0.3 (/opt/ros/foxy/share/rmw_implementation_cmake/cmake)
[0.532s] -- Using RMW implementation 'rmw_fastrtps_cpp' as default
[0.714s] -- Found rclpy: 1.0.7 (/opt/ros/foxy/share/rclpy/cmake)
[0.718s] -- Found ament_lint_auto: 0.9.6 (/opt/ros/foxy/share/ament_lint_auto/cmake)
[0.819s] -- Added test 'copyright' to check source files copyright and LICENSE
[0.825s] -- Added test 'flake8' to check Python code syntax and style conventions
[0.827s] -- Added test 'lint_cmake' to check CMake code style
[0.828s] -- Added test 'pep257' to check Python code against some of the style conventions in PEP 257
[0.831s] -- Added test 'xmllint' to check XML markup files
[0.835s] -- Configuring done
[0.846s] -- Generating done
[0.852s] -- Build files have been written to: /home/ubuntu/Desktop/AutonomousRover/adiona_ws/build/adiona_pkg
[0.862s] Invoked command in '/home/ubuntu/Desktop/AutonomousRover/adiona_ws/build/adiona_pkg' returned '0': CMAKE_PREFIX_PATH=/opt/ros/foxy /usr/bin/cmake /home/ubuntu/Desktop/AutonomousRover/adiona_ws/adiona_pkg -DCMAKE_INSTALL_PREFIX=/home/ubuntu/Desktop/AutonomousRover/adiona_ws/install/adiona_pkg
[0.863s] Invoking command in '/home/ubuntu/Desktop/AutonomousRover/adiona_ws/build/adiona_pkg': CMAKE_PREFIX_PATH=/opt/ros/foxy /usr/bin/cmake --build /home/ubuntu/Desktop/AutonomousRover/adiona_ws/build/adiona_pkg -- -j2 -l2
[0.930s] Invoked command in '/home/ubuntu/Desktop/AutonomousRover/adiona_ws/build/adiona_pkg' returned '0': CMAKE_PREFIX_PATH=/opt/ros/foxy /usr/bin/cmake --build /home/ubuntu/Desktop/AutonomousRover/adiona_ws/build/adiona_pkg -- -j2 -l2
[0.979s] Invoking command in '/home/ubuntu/Desktop/AutonomousRover/adiona_ws/build/adiona_pkg': CMAKE_PREFIX_PATH=/opt/ros/foxy /usr/bin/cmake --install /home/ubuntu/Desktop/AutonomousRover/adiona_ws/build/adiona_pkg
[0.992s] -- Install configuration: ""
[0.995s] -- Execute custom install script
[0.995s] -- Symlinking: /home/ubuntu/Desktop/AutonomousRover/adiona_ws/install/adiona_pkg/share/adiona_pkg/config/blank.txt
[1.013s] -- Symlinking: /home/ubuntu/Desktop/AutonomousRover/adiona_ws/install/adiona_pkg/share/adiona_pkg/launch/urdftest.launch.py
[1.059s] -- Symlinking: /home/ubuntu/Desktop/AutonomousRover/adiona_ws/install/adiona_pkg/share/adiona_pkg/maps/blank.txt
[1.081s] -- Symlinking: /home/ubuntu/Desktop/AutonomousRover/adiona_ws/install/adiona_pkg/share/adiona_pkg/meshes/base_link.STL
[1.092s] -- Symlinking: /home/ubuntu/Desktop/AutonomousRover/adiona_ws/install/adiona_pkg/share/adiona_pkg/meshes/wheel.STL
[1.106s] -- Symlinking: /home/ubuntu/Desktop/AutonomousRover/adiona_ws/install/adiona_pkg/share/adiona_pkg/models/adiona.urdf
[1.118s] -- Symlinking: /home/ubuntu/Desktop/AutonomousRover/adiona_ws/install/adiona_pkg/share/adiona_pkg/models/adiona_description/adiona.sdf
[1.133s] -- Symlinking: /home/ubuntu/Desktop/AutonomousRover/adiona_ws/install/adiona_pkg/share/adiona_pkg/models/adiona_description/model.config
[1.147s] -- Symlinking: /home/ubuntu/Desktop/AutonomousRover/adiona_ws/install/adiona_pkg/share/adiona_pkg/params/blank.txt
[1.163s] -- Symlinking: /home/ubuntu/Desktop/AutonomousRover/adiona_ws/install/adiona_pkg/share/adiona_pkg/rviz/rviz_basic_settings.rviz
[1.177s] -- Symlinking: /home/ubuntu/Desktop/AutonomousRover/adiona_ws/install/adiona_pkg/share/adiona_pkg/scripts/__init__.py
[1.189s] -- Symlinking: /home/ubuntu/Desktop/AutonomousRover/adiona_ws/install/adiona_pkg/share/adiona_pkg/scripts/battery_state_pub.py
[1.203s] -- Symlinking: /home/ubuntu/Desktop/AutonomousRover/adiona_ws/install/adiona_pkg/share/adiona_pkg/scripts/blank.txt
[1.217s] -- Symlinking: /home/ubuntu/Desktop/AutonomousRover/adiona_ws/install/adiona_pkg/share/adiona_pkg/src/blank.txt
[1.232s] -- Symlinking: /home/ubuntu/Desktop/AutonomousRover/adiona_ws/install/adiona_pkg/share/adiona_pkg/worlds/blank.txt
[1.246s] -- Symlinking: /home/ubuntu/Desktop/AutonomousRover/adiona_ws/install/adiona_pkg/share/adiona_pkg/environment/pythonpath.sh
[1.265s] -- Symlinking: /home/ubuntu/Desktop/AutonomousRover/adiona_ws/install/adiona_pkg/share/adiona_pkg/environment/pythonpath.dsv
[1.278s] -- Symlinking: /home/ubuntu/Desktop/AutonomousRover/adiona_ws/install/adiona_pkg/lib/python3.8/site-packages/scripts//__init__.py
[1.290s] -- Symlinking: /home/ubuntu/Desktop/AutonomousRover/adiona_ws/install/adiona_pkg/lib/python3.8/site-packages/scripts//battery_state_pub.py
[1.304s] -- Symlinking: /home/ubuntu/Desktop/AutonomousRover/adiona_ws/install/adiona_pkg/lib/python3.8/site-packages/scripts//blank.txt
[1.318s] -- Symlinking: /home/ubuntu/Desktop/AutonomousRover/adiona_ws/install/adiona_pkg/lib/adiona_pkg/battery_state_pub.py
[1.333s] -- Symlinking: /home/ubuntu/Desktop/AutonomousRover/adiona_ws/install/adiona_pkg/share/ament_index/resource_index/package_run_dependencies/adiona_pkg
[1.345s] -- Symlinking: /home/ubuntu/Desktop/AutonomousRover/adiona_ws/install/adiona_pkg/share/ament_index/resource_index/parent_prefix_path/adiona_pkg
[1.361s] -- Symlinking: /home/ubuntu/Desktop/AutonomousRover/adiona_ws/install/adiona_pkg/share/adiona_pkg/environment/ament_prefix_path.sh
[1.376s] -- Symlinking: /home/ubuntu/Desktop/AutonomousRover/adiona_ws/install/adiona_pkg/share/adiona_pkg/environment/ament_prefix_path.dsv
[1.389s] -- Symlinking: /home/ubuntu/Desktop/AutonomousRover/adiona_ws/install/adiona_pkg/share/adiona_pkg/environment/path.sh
[1.403s] -- Symlinking: /home/ubuntu/Desktop/AutonomousRover/adiona_ws/install/adiona_pkg/share/adiona_pkg/environment/path.dsv
[1.416s] -- Symlinking: /home/ubuntu/Desktop/AutonomousRover/adiona_ws/install/adiona_pkg/share/adiona_pkg/local_setup.bash
[1.432s] -- Symlinking: /home/ubuntu/Desktop/AutonomousRover/adiona_ws/install/adiona_pkg/share/adiona_pkg/local_setup.sh
[1.445s] -- Symlinking: /home/ubuntu/Desktop/AutonomousRover/adiona_ws/install/adiona_pkg/share/adiona_pkg/local_setup.zsh
[1.459s] -- Symlinking: /home/ubuntu/Desktop/AutonomousRover/adiona_ws/install/adiona_pkg/share/adiona_pkg/local_setup.dsv
[1.471s] -- Symlinking: /home/ubuntu/Desktop/AutonomousRover/adiona_ws/install/adiona_pkg/share/adiona_pkg/package.dsv
[1.484s] -- Symlinking: /home/ubuntu/Desktop/AutonomousRover/adiona_ws/install/adiona_pkg/share/ament_index/resource_index/packages/adiona_pkg
[1.497s] -- Symlinking: /home/ubuntu/Desktop/AutonomousRover/adiona_ws/install/adiona_pkg/share/adiona_pkg/cmake/adiona_pkgConfig.cmake
[1.510s] -- Symlinking: /home/ubuntu/Desktop/AutonomousRover/adiona_ws/install/adiona_pkg/share/adiona_pkg/cmake/adiona_pkgConfig-version.cmake
[1.522s] -- Symlinking: /home/ubuntu/Desktop/AutonomousRover/adiona_ws/install/adiona_pkg/share/adiona_pkg/package.xml
[1.575s] Listing '/home/ubuntu/Desktop/AutonomousRover/adiona_ws/install/adiona_pkg/lib/python3.8/site-packages/scripts/'...
[1.575s] Compiling '/home/ubuntu/Desktop/AutonomousRover/adiona_ws/install/adiona_pkg/lib/python3.8/site-packages/scripts/__init__.py'...
[1.575s] Compiling '/home/ubuntu/Desktop/AutonomousRover/adiona_ws/install/adiona_pkg/lib/python3.8/site-packages/scripts/battery_state_pub.py'...
[1.592s] Invoked command in '/home/ubuntu/Desktop/AutonomousRover/adiona_ws/build/adiona_pkg' returned '0': CMAKE_PREFIX_PATH=/opt/ros/foxy /usr/bin/cmake --install /home/ubuntu/Desktop/AutonomousRover/adiona_ws/build/adiona_pkg
