[0.019s] Invoking command in '/home/burkehill/adiona_description/build/adiona_description': CMAKE_PREFIX_PATH=${CMAKE_PREFIX_PATH}:/opt/ros/foxy /usr/bin/cmake --build /home/burkehill/adiona_description/build/adiona_description -- -j2 -l2
[0.078s] Invoked command in '/home/burkehill/adiona_description/build/adiona_description' returned '0': CMAKE_PREFIX_PATH=${CMAKE_PREFIX_PATH}:/opt/ros/foxy /usr/bin/cmake --build /home/burkehill/adiona_description/build/adiona_description -- -j2 -l2
[0.142s] Invoking command in '/home/burkehill/adiona_description/build/adiona_description': CMAKE_PREFIX_PATH=${CMAKE_PREFIX_PATH}:/opt/ros/foxy /usr/bin/cmake --install /home/burkehill/adiona_description/build/adiona_description
[0.155s] -- Install configuration: ""
[0.156s] -- Up-to-date: /home/burkehill/adiona_description/install/adiona_description/share/adiona_description/src
[0.156s] -- Up-to-date: /home/burkehill/adiona_description/install/adiona_description/share/adiona_description/src/description
[0.157s] -- Installing: /home/burkehill/adiona_description/install/adiona_description/share/adiona_description/src/description/adiona_description.urdf
[0.157s] -- Up-to-date: /home/burkehill/adiona_description/install/adiona_description/share/adiona_description/launch
[0.157s] -- Up-to-date: /home/burkehill/adiona_description/install/adiona_description/share/adiona_description/launch/display.launch.py
[0.157s] -- Up-to-date: /home/burkehill/adiona_description/install/adiona_description/share/adiona_description/rviz
[0.157s] -- Up-to-date: /home/burkehill/adiona_description/install/adiona_description/share/adiona_description/rviz/urdf_config.rviz
[0.158s] -- Up-to-date: /home/burkehill/adiona_description/install/adiona_description/share/ament_index/resource_index/package_run_dependencies/adiona_description
[0.158s] -- Up-to-date: /home/burkehill/adiona_description/install/adiona_description/share/ament_index/resource_index/parent_prefix_path/adiona_description
[0.158s] -- Up-to-date: /home/burkehill/adiona_description/install/adiona_description/share/adiona_description/environment/ament_prefix_path.sh
[0.158s] -- Up-to-date: /home/burkehill/adiona_description/install/adiona_description/share/adiona_description/environment/ament_prefix_path.dsv
[0.158s] -- Up-to-date: /home/burkehill/adiona_description/install/adiona_description/share/adiona_description/environment/path.sh
[0.159s] -- Up-to-date: /home/burkehill/adiona_description/install/adiona_description/share/adiona_description/environment/path.dsv
[0.159s] -- Up-to-date: /home/burkehill/adiona_description/install/adiona_description/share/adiona_description/local_setup.bash
[0.159s] -- Up-to-date: /home/burkehill/adiona_description/install/adiona_description/share/adiona_description/local_setup.sh
[0.159s] -- Up-to-date: /home/burkehill/adiona_description/install/adiona_description/share/adiona_description/local_setup.zsh
[0.159s] -- Up-to-date: /home/burkehill/adiona_description/install/adiona_description/share/adiona_description/local_setup.dsv
[0.160s] -- Installing: /home/burkehill/adiona_description/install/adiona_description/share/adiona_description/package.dsv
[0.160s] -- Up-to-date: /home/burkehill/adiona_description/install/adiona_description/share/ament_index/resource_index/packages/adiona_description
[0.160s] -- Up-to-date: /home/burkehill/adiona_description/install/adiona_description/share/adiona_description/cmake/adiona_descriptionConfig.cmake
[0.160s] -- Up-to-date: /home/burkehill/adiona_description/install/adiona_description/share/adiona_description/cmake/adiona_descriptionConfig-version.cmake
[0.160s] -- Up-to-date: /home/burkehill/adiona_description/install/adiona_description/share/adiona_description/package.xml
[0.163s] Invoked command in '/home/burkehill/adiona_description/build/adiona_description' returned '0': CMAKE_PREFIX_PATH=${CMAKE_PREFIX_PATH}:/opt/ros/foxy /usr/bin/cmake --install /home/burkehill/adiona_description/build/adiona_description
