[0.040s] Invoking command in '/home/burkehill/adiona_description/build/adiona_description': CMAKE_PREFIX_PATH=/opt/ros/foxy /usr/bin/cmake --build /home/burkehill/adiona_description/build/adiona_description -- -j2 -l2
[0.185s] Invoked command in '/home/burkehill/adiona_description/build/adiona_description' returned '0': CMAKE_PREFIX_PATH=/opt/ros/foxy /usr/bin/cmake --build /home/burkehill/adiona_description/build/adiona_description -- -j2 -l2
[0.295s] Invoking command in '/home/burkehill/adiona_description/build/adiona_description': CMAKE_PREFIX_PATH=/opt/ros/foxy /usr/bin/cmake --install /home/burkehill/adiona_description/build/adiona_description
[0.326s] -- Install configuration: ""
[0.326s] -- Up-to-date: /home/burkehill/adiona_description/install/adiona_description/share/adiona_description/src
[0.327s] -- Up-to-date: /home/burkehill/adiona_description/install/adiona_description/share/adiona_description/src/description
[0.327s] -- Installing: /home/burkehill/adiona_description/install/adiona_description/share/adiona_description/src/description/adiona_description.urdf
[0.329s] -- Up-to-date: /home/burkehill/adiona_description/install/adiona_description/share/adiona_description/launch
[0.330s] -- Installing: /home/burkehill/adiona_description/install/adiona_description/share/adiona_description/launch/display.launch.py
[0.331s] -- Up-to-date: /home/burkehill/adiona_description/install/adiona_description/share/adiona_description/rviz
[0.331s] -- Up-to-date: /home/burkehill/adiona_description/install/adiona_description/share/adiona_description/rviz/urdf_config.rviz
[0.332s] -- Up-to-date: /home/burkehill/adiona_description/install/adiona_description/share/ament_index/resource_index/package_run_dependencies/adiona_description
[0.333s] -- Up-to-date: /home/burkehill/adiona_description/install/adiona_description/share/ament_index/resource_index/parent_prefix_path/adiona_description
[0.333s] -- Up-to-date: /home/burkehill/adiona_description/install/adiona_description/share/adiona_description/environment/ament_prefix_path.sh
[0.334s] -- Up-to-date: /home/burkehill/adiona_description/install/adiona_description/share/adiona_description/environment/ament_prefix_path.dsv
[0.334s] -- Up-to-date: /home/burkehill/adiona_description/install/adiona_description/share/adiona_description/environment/path.sh
[0.337s] -- Up-to-date: /home/burkehill/adiona_description/install/adiona_description/share/adiona_description/environment/path.dsv
[0.337s] -- Up-to-date: /home/burkehill/adiona_description/install/adiona_description/share/adiona_description/local_setup.bash
[0.337s] -- Up-to-date: /home/burkehill/adiona_description/install/adiona_description/share/adiona_description/local_setup.sh
[0.338s] -- Up-to-date: /home/burkehill/adiona_description/install/adiona_description/share/adiona_description/local_setup.zsh
[0.338s] -- Up-to-date: /home/burkehill/adiona_description/install/adiona_description/share/adiona_description/local_setup.dsv
[0.339s] -- Installing: /home/burkehill/adiona_description/install/adiona_description/share/adiona_description/package.dsv
[0.340s] -- Up-to-date: /home/burkehill/adiona_description/install/adiona_description/share/ament_index/resource_index/packages/adiona_description
[0.340s] -- Up-to-date: /home/burkehill/adiona_description/install/adiona_description/share/adiona_description/cmake/adiona_descriptionConfig.cmake
[0.340s] -- Up-to-date: /home/burkehill/adiona_description/install/adiona_description/share/adiona_description/cmake/adiona_descriptionConfig-version.cmake
[0.341s] -- Up-to-date: /home/burkehill/adiona_description/install/adiona_description/share/adiona_description/package.xml
[0.353s] Invoked command in '/home/burkehill/adiona_description/build/adiona_description' returned '0': CMAKE_PREFIX_PATH=/opt/ros/foxy /usr/bin/cmake --install /home/burkehill/adiona_description/build/adiona_description
