[0.277s] DEBUG:colcon:Command line arguments: ['/usr/bin/colcon', 'build']
[0.277s] DEBUG:colcon:Parsed command line arguments: Namespace(ament_cmake_args=None, base_paths=['.'], build_base='build', catkin_cmake_args=None, catkin_skip_building_tests=False, cmake_args=None, cmake_clean_cache=False, cmake_clean_first=False, cmake_force_configure=False, cmake_target=None, cmake_target_skip_unavailable=False, continue_on_error=False, event_handlers=None, executor='parallel', ignore_user_meta=False, install_base='install', log_base=None, log_level=None, main=<bound method BuildVerb.main of <colcon_core.verb.build.BuildVerb object at 0x7f9de6b82430>>, merge_install=False, metas=['./colcon.meta'], packages_above=None, packages_above_and_dependencies=None, packages_above_depth=None, packages_end=None, packages_ignore=None, packages_ignore_regex=None, packages_select=None, packages_select_build_failed=False, packages_select_by_dep=None, packages_select_regex=None, packages_select_test_failures=False, packages_skip=None, packages_skip_build_finished=False, packages_skip_by_dep=None, packages_skip_regex=None, packages_skip_test_passed=False, packages_skip_up_to=None, packages_start=None, packages_up_to=None, packages_up_to_regex=None, parallel_workers=2, paths=None, symlink_install=False, test_result_base=None, verb_extension=<colcon_core.verb.build.BuildVerb object at 0x7f9de6b82430>, verb_name='build', verb_parser=<colcon_defaults.argument_parser.defaults.DefaultArgumentsDecorator object at 0x7f9de6b82970>)
[0.294s] Level 1:colcon.colcon_core.package_discovery:discover_packages(colcon_meta) check parameters
[0.294s] Level 1:colcon.colcon_core.package_discovery:discover_packages(recursive) check parameters
[0.294s] Level 1:colcon.colcon_core.package_discovery:discover_packages(ignore) check parameters
[0.294s] Level 1:colcon.colcon_core.package_discovery:discover_packages(path) check parameters
[0.294s] Level 1:colcon.colcon_core.package_discovery:discover_packages(colcon_meta) discover
[0.294s] Level 1:colcon.colcon_core.package_discovery:discover_packages(recursive) discover
[0.294s] INFO:colcon.colcon_core.package_discovery:Crawling recursively for packages in '/home/ubuntu/Desktop/AutonomousRover/adiona_ws'
[0.294s] Level 1:colcon.colcon_core.package_identification:_identify(.) by extensions ['ignore', 'ignore_ament_install']
[0.295s] Level 1:colcon.colcon_core.package_identification:_identify(.) by extension 'ignore'
[0.295s] Level 1:colcon.colcon_core.package_identification:_identify(.) by extension 'ignore_ament_install'
[0.295s] Level 1:colcon.colcon_core.package_identification:_identify(.) by extensions ['colcon_pkg']
[0.295s] Level 1:colcon.colcon_core.package_identification:_identify(.) by extension 'colcon_pkg'
[0.295s] Level 1:colcon.colcon_core.package_identification:_identify(.) by extensions ['colcon_meta']
[0.295s] Level 1:colcon.colcon_core.package_identification:_identify(.) by extension 'colcon_meta'
[0.295s] Level 1:colcon.colcon_core.package_identification:_identify(.) by extensions ['ros']
[0.295s] Level 1:colcon.colcon_core.package_identification:_identify(.) by extension 'ros'
[0.311s] Level 1:colcon.colcon_core.package_identification:_identify(.) by extensions ['cmake', 'python']
[0.311s] Level 1:colcon.colcon_core.package_identification:_identify(.) by extension 'cmake'
[0.312s] Level 1:colcon.colcon_core.package_identification:_identify(.) by extension 'python'
[0.312s] Level 1:colcon.colcon_core.package_identification:_identify(.) by extensions ['python_setup_py']
[0.312s] Level 1:colcon.colcon_core.package_identification:_identify(.) by extension 'python_setup_py'
[0.312s] Level 1:colcon.colcon_core.package_identification:_identify(adiona_pkg) by extensions ['ignore', 'ignore_ament_install']
[0.312s] Level 1:colcon.colcon_core.package_identification:_identify(adiona_pkg) by extension 'ignore'
[0.312s] Level 1:colcon.colcon_core.package_identification:_identify(adiona_pkg) by extension 'ignore_ament_install'
[0.312s] Level 1:colcon.colcon_core.package_identification:_identify(adiona_pkg) by extensions ['colcon_pkg']
[0.312s] Level 1:colcon.colcon_core.package_identification:_identify(adiona_pkg) by extension 'colcon_pkg'
[0.312s] Level 1:colcon.colcon_core.package_identification:_identify(adiona_pkg) by extensions ['colcon_meta']
[0.312s] Level 1:colcon.colcon_core.package_identification:_identify(adiona_pkg) by extension 'colcon_meta'
[0.312s] Level 1:colcon.colcon_core.package_identification:_identify(adiona_pkg) by extensions ['ros']
[0.312s] Level 1:colcon.colcon_core.package_identification:_identify(adiona_pkg) by extension 'ros'
[0.315s] DEBUG:colcon.colcon_core.package_identification:Package 'adiona_pkg' with type 'ros.ament_cmake' and name 'adiona_pkg'
[0.315s] Level 1:colcon.colcon_core.package_identification:_identify(build) by extensions ['ignore', 'ignore_ament_install']
[0.316s] Level 1:colcon.colcon_core.package_identification:_identify(build) by extension 'ignore'
[0.316s] Level 1:colcon.colcon_core.package_identification:_identify(build) ignored
[0.316s] Level 1:colcon.colcon_core.package_identification:_identify(install) by extensions ['ignore', 'ignore_ament_install']
[0.316s] Level 1:colcon.colcon_core.package_identification:_identify(install) by extension 'ignore'
[0.316s] Level 1:colcon.colcon_core.package_identification:_identify(install) ignored
[0.317s] Level 1:colcon.colcon_core.package_identification:_identify(log) by extensions ['ignore', 'ignore_ament_install']
[0.317s] Level 1:colcon.colcon_core.package_identification:_identify(log) by extension 'ignore'
[0.317s] Level 1:colcon.colcon_core.package_identification:_identify(log) ignored
[0.317s] Level 1:colcon.colcon_core.package_discovery:discover_packages(recursive) using defaults
[0.317s] Level 1:colcon.colcon_core.package_discovery:discover_packages(ignore) discover
[0.317s] Level 1:colcon.colcon_core.package_discovery:discover_packages(ignore) using defaults
[0.317s] Level 1:colcon.colcon_core.package_discovery:discover_packages(path) discover
[0.317s] Level 1:colcon.colcon_core.package_discovery:discover_packages(path) using defaults
[0.339s] Level 5:colcon.colcon_core.verb:set package 'adiona_pkg' build argument 'cmake_args' from command line to 'None'
[0.339s] Level 5:colcon.colcon_core.verb:set package 'adiona_pkg' build argument 'cmake_target' from command line to 'None'
[0.339s] Level 5:colcon.colcon_core.verb:set package 'adiona_pkg' build argument 'cmake_target_skip_unavailable' from command line to 'False'
[0.339s] Level 5:colcon.colcon_core.verb:set package 'adiona_pkg' build argument 'cmake_clean_cache' from command line to 'False'
[0.339s] Level 5:colcon.colcon_core.verb:set package 'adiona_pkg' build argument 'cmake_clean_first' from command line to 'False'
[0.340s] Level 5:colcon.colcon_core.verb:set package 'adiona_pkg' build argument 'cmake_force_configure' from command line to 'False'
[0.340s] Level 5:colcon.colcon_core.verb:set package 'adiona_pkg' build argument 'ament_cmake_args' from command line to 'None'
[0.340s] Level 5:colcon.colcon_core.verb:set package 'adiona_pkg' build argument 'catkin_cmake_args' from command line to 'None'
[0.340s] Level 5:colcon.colcon_core.verb:set package 'adiona_pkg' build argument 'catkin_skip_building_tests' from command line to 'False'
[0.340s] DEBUG:colcon.colcon_core.verb:Building package 'adiona_pkg' with the following arguments: {'ament_cmake_args': None, 'build_base': '/home/ubuntu/Desktop/AutonomousRover/adiona_ws/build/adiona_pkg', 'catkin_cmake_args': None, 'catkin_skip_building_tests': False, 'cmake_args': None, 'cmake_clean_cache': False, 'cmake_clean_first': False, 'cmake_force_configure': False, 'cmake_target': None, 'cmake_target_skip_unavailable': False, 'install_base': '/home/ubuntu/Desktop/AutonomousRover/adiona_ws/install/adiona_pkg', 'merge_install': False, 'path': '/home/ubuntu/Desktop/AutonomousRover/adiona_ws/adiona_pkg', 'symlink_install': False, 'test_result_base': None}
[0.340s] INFO:colcon.colcon_core.executor:Executing jobs using 'parallel' executor
[0.342s] DEBUG:colcon.colcon_parallel_executor.executor.parallel:run_until_complete
[0.342s] INFO:colcon.colcon_ros.task.ament_cmake.build:Building ROS package in '/home/ubuntu/Desktop/AutonomousRover/adiona_ws/adiona_pkg' with build type 'ament_cmake'
[0.342s] INFO:colcon.colcon_cmake.task.cmake.build:Building CMake package in '/home/ubuntu/Desktop/AutonomousRover/adiona_ws/adiona_pkg'
[0.346s] INFO:colcon.colcon_core.plugin_system:Skipping extension 'colcon_core.shell.bat': Not used on non-Windows systems
[0.346s] INFO:colcon.colcon_core.shell:Skip shell extension 'powershell' for command environment: Not usable outside of PowerShell
[0.346s] DEBUG:colcon.colcon_core.shell:Skip shell extension 'dsv' for command environment
[0.367s] DEBUG:colcon.colcon_core.event_handler.log_command:Invoking command in '/home/ubuntu/Desktop/AutonomousRover/adiona_ws/build/adiona_pkg': /usr/bin/cmake --build /home/ubuntu/Desktop/AutonomousRover/adiona_ws/build/adiona_pkg -- -j2 -l2
[0.471s] DEBUG:colcon.colcon_core.event_handler.log_command:Invoked command in '/home/ubuntu/Desktop/AutonomousRover/adiona_ws/build/adiona_pkg' returned '0': /usr/bin/cmake --build /home/ubuntu/Desktop/AutonomousRover/adiona_ws/build/adiona_pkg -- -j2 -l2
[0.521s] DEBUG:colcon.colcon_core.event_handler.log_command:Invoking command in '/home/ubuntu/Desktop/AutonomousRover/adiona_ws/build/adiona_pkg': /usr/bin/cmake --install /home/ubuntu/Desktop/AutonomousRover/adiona_ws/build/adiona_pkg
[0.612s] Level 1:colcon.colcon_core.environment:create_environment_scripts_only(adiona_pkg)
[0.615s] DEBUG:colcon.colcon_core.event_handler.log_command:Invoked command in '/home/ubuntu/Desktop/AutonomousRover/adiona_ws/build/adiona_pkg' returned '0': /usr/bin/cmake --install /home/ubuntu/Desktop/AutonomousRover/adiona_ws/build/adiona_pkg
[0.617s] Level 1:colcon.colcon_core.environment:checking '/home/ubuntu/Desktop/AutonomousRover/adiona_ws/install/adiona_pkg' for CMake module files
[0.618s] Level 1:colcon.colcon_core.environment:checking '/home/ubuntu/Desktop/AutonomousRover/adiona_ws/install/adiona_pkg' for CMake config files
[0.619s] Level 1:colcon.colcon_core.shell:create_environment_hook('adiona_pkg', 'cmake_prefix_path')
[0.619s] INFO:colcon.colcon_core.shell:Creating environment hook '/home/ubuntu/Desktop/AutonomousRover/adiona_ws/install/adiona_pkg/share/adiona_pkg/hook/cmake_prefix_path.ps1'
[0.620s] INFO:colcon.colcon_core.shell:Creating environment descriptor '/home/ubuntu/Desktop/AutonomousRover/adiona_ws/install/adiona_pkg/share/adiona_pkg/hook/cmake_prefix_path.dsv'
[0.621s] INFO:colcon.colcon_core.shell:Creating environment hook '/home/ubuntu/Desktop/AutonomousRover/adiona_ws/install/adiona_pkg/share/adiona_pkg/hook/cmake_prefix_path.sh'
[0.623s] Level 1:colcon.colcon_core.environment:checking '/home/ubuntu/Desktop/AutonomousRover/adiona_ws/install/adiona_pkg/lib'
[0.623s] Level 1:colcon.colcon_core.environment:checking '/home/ubuntu/Desktop/AutonomousRover/adiona_ws/install/adiona_pkg/bin'
[0.623s] Level 1:colcon.colcon_core.environment:checking '/home/ubuntu/Desktop/AutonomousRover/adiona_ws/install/adiona_pkg/lib/pkgconfig/adiona_pkg.pc'
[0.623s] Level 1:colcon.colcon_core.environment:checking '/home/ubuntu/Desktop/AutonomousRover/adiona_ws/install/adiona_pkg/lib/python3.8/site-packages'
[0.623s] Level 1:colcon.colcon_core.shell:create_environment_hook('adiona_pkg', 'pythonpath')
[0.624s] INFO:colcon.colcon_core.shell:Creating environment hook '/home/ubuntu/Desktop/AutonomousRover/adiona_ws/install/adiona_pkg/share/adiona_pkg/hook/pythonpath.ps1'
[0.624s] INFO:colcon.colcon_core.shell:Creating environment descriptor '/home/ubuntu/Desktop/AutonomousRover/adiona_ws/install/adiona_pkg/share/adiona_pkg/hook/pythonpath.dsv'
[0.625s] INFO:colcon.colcon_core.shell:Creating environment hook '/home/ubuntu/Desktop/AutonomousRover/adiona_ws/install/adiona_pkg/share/adiona_pkg/hook/pythonpath.sh'
[0.626s] INFO:colcon.colcon_core.shell:Creating package script '/home/ubuntu/Desktop/AutonomousRover/adiona_ws/install/adiona_pkg/share/adiona_pkg/package.ps1'
[0.627s] INFO:colcon.colcon_core.shell:Creating package descriptor '/home/ubuntu/Desktop/AutonomousRover/adiona_ws/install/adiona_pkg/share/adiona_pkg/package.dsv'
[0.629s] INFO:colcon.colcon_core.shell:Creating package script '/home/ubuntu/Desktop/AutonomousRover/adiona_ws/install/adiona_pkg/share/adiona_pkg/package.sh'
[0.630s] INFO:colcon.colcon_core.shell:Creating package script '/home/ubuntu/Desktop/AutonomousRover/adiona_ws/install/adiona_pkg/share/adiona_pkg/package.bash'
[0.631s] INFO:colcon.colcon_core.shell:Creating package script '/home/ubuntu/Desktop/AutonomousRover/adiona_ws/install/adiona_pkg/share/adiona_pkg/package.zsh'
[0.632s] Level 1:colcon.colcon_core.environment:create_file_with_runtime_dependencies(/home/ubuntu/Desktop/AutonomousRover/adiona_ws/install/adiona_pkg/share/colcon-core/packages/adiona_pkg)
[0.711s] Level 1:colcon.colcon_core.environment:create_environment_scripts_only(adiona_pkg)
[0.711s] Level 1:colcon.colcon_core.environment:checking '/home/ubuntu/Desktop/AutonomousRover/adiona_ws/install/adiona_pkg' for CMake module files
[0.712s] Level 1:colcon.colcon_core.environment:checking '/home/ubuntu/Desktop/AutonomousRover/adiona_ws/install/adiona_pkg' for CMake config files
[0.712s] Level 1:colcon.colcon_core.shell:create_environment_hook('adiona_pkg', 'cmake_prefix_path')
[0.713s] INFO:colcon.colcon_core.shell:Creating environment hook '/home/ubuntu/Desktop/AutonomousRover/adiona_ws/install/adiona_pkg/share/adiona_pkg/hook/cmake_prefix_path.ps1'
[0.713s] INFO:colcon.colcon_core.shell:Creating environment descriptor '/home/ubuntu/Desktop/AutonomousRover/adiona_ws/install/adiona_pkg/share/adiona_pkg/hook/cmake_prefix_path.dsv'
[0.722s] INFO:colcon.colcon_core.shell:Creating environment hook '/home/ubuntu/Desktop/AutonomousRover/adiona_ws/install/adiona_pkg/share/adiona_pkg/hook/cmake_prefix_path.sh'
[0.726s] Level 1:colcon.colcon_core.environment:checking '/home/ubuntu/Desktop/AutonomousRover/adiona_ws/install/adiona_pkg/lib'
[0.727s] Level 1:colcon.colcon_core.environment:checking '/home/ubuntu/Desktop/AutonomousRover/adiona_ws/install/adiona_pkg/bin'
[0.727s] Level 1:colcon.colcon_core.environment:checking '/home/ubuntu/Desktop/AutonomousRover/adiona_ws/install/adiona_pkg/lib/pkgconfig/adiona_pkg.pc'
[0.727s] Level 1:colcon.colcon_core.environment:checking '/home/ubuntu/Desktop/AutonomousRover/adiona_ws/install/adiona_pkg/lib/python3.8/site-packages'
[0.728s] Level 1:colcon.colcon_core.shell:create_environment_hook('adiona_pkg', 'pythonpath')
[0.729s] INFO:colcon.colcon_core.shell:Creating environment hook '/home/ubuntu/Desktop/AutonomousRover/adiona_ws/install/adiona_pkg/share/adiona_pkg/hook/pythonpath.ps1'
[0.732s] INFO:colcon.colcon_core.shell:Creating environment descriptor '/home/ubuntu/Desktop/AutonomousRover/adiona_ws/install/adiona_pkg/share/adiona_pkg/hook/pythonpath.dsv'
[0.733s] INFO:colcon.colcon_core.shell:Creating environment hook '/home/ubuntu/Desktop/AutonomousRover/adiona_ws/install/adiona_pkg/share/adiona_pkg/hook/pythonpath.sh'
[0.735s] INFO:colcon.colcon_core.shell:Creating package script '/home/ubuntu/Desktop/AutonomousRover/adiona_ws/install/adiona_pkg/share/adiona_pkg/package.ps1'
[0.736s] INFO:colcon.colcon_core.shell:Creating package descriptor '/home/ubuntu/Desktop/AutonomousRover/adiona_ws/install/adiona_pkg/share/adiona_pkg/package.dsv'
[0.736s] INFO:colcon.colcon_core.shell:Creating package script '/home/ubuntu/Desktop/AutonomousRover/adiona_ws/install/adiona_pkg/share/adiona_pkg/package.sh'
[0.737s] INFO:colcon.colcon_core.shell:Creating package script '/home/ubuntu/Desktop/AutonomousRover/adiona_ws/install/adiona_pkg/share/adiona_pkg/package.bash'
[0.737s] INFO:colcon.colcon_core.shell:Creating package script '/home/ubuntu/Desktop/AutonomousRover/adiona_ws/install/adiona_pkg/share/adiona_pkg/package.zsh'
[0.738s] Level 1:colcon.colcon_core.environment:create_file_with_runtime_dependencies(/home/ubuntu/Desktop/AutonomousRover/adiona_ws/install/adiona_pkg/share/colcon-core/packages/adiona_pkg)
[0.739s] DEBUG:colcon.colcon_parallel_executor.executor.parallel:closing loop
[0.739s] DEBUG:colcon.colcon_parallel_executor.executor.parallel:loop closed
[0.740s] DEBUG:colcon.colcon_parallel_executor.executor.parallel:run_until_complete finished with '0'
[0.740s] DEBUG:colcon.colcon_core.event_reactor:joining thread
[0.753s] INFO:colcon.colcon_core.plugin_system:Skipping extension 'colcon_notification.desktop_notification.terminal_notifier': Not used on non-Darwin systems
[0.753s] INFO:colcon.colcon_core.plugin_system:Skipping extension 'colcon_notification.desktop_notification.win32': Not used on non-Windows systems
[0.753s] INFO:colcon.colcon_notification.desktop_notification:Sending desktop notification using 'notify2'
[0.785s] DEBUG:colcon.colcon_core.event_reactor:joined thread
[0.787s] INFO:colcon.colcon_core.shell:Creating prefix script '/home/ubuntu/Desktop/AutonomousRover/adiona_ws/install/local_setup.ps1'
[0.788s] INFO:colcon.colcon_core.shell:Creating prefix util module '/home/ubuntu/Desktop/AutonomousRover/adiona_ws/install/_local_setup_util_ps1.py'
[0.789s] INFO:colcon.colcon_core.shell:Creating prefix chain script '/home/ubuntu/Desktop/AutonomousRover/adiona_ws/install/setup.ps1'
[0.792s] INFO:colcon.colcon_core.shell:Creating prefix script '/home/ubuntu/Desktop/AutonomousRover/adiona_ws/install/local_setup.sh'
[0.792s] INFO:colcon.colcon_core.shell:Creating prefix util module '/home/ubuntu/Desktop/AutonomousRover/adiona_ws/install/_local_setup_util_sh.py'
[0.793s] INFO:colcon.colcon_core.shell:Creating prefix chain script '/home/ubuntu/Desktop/AutonomousRover/adiona_ws/install/setup.sh'
[0.800s] INFO:colcon.colcon_core.shell:Creating prefix script '/home/ubuntu/Desktop/AutonomousRover/adiona_ws/install/local_setup.bash'
[0.803s] INFO:colcon.colcon_core.shell:Creating prefix chain script '/home/ubuntu/Desktop/AutonomousRover/adiona_ws/install/setup.bash'
[0.812s] INFO:colcon.colcon_core.shell:Creating prefix script '/home/ubuntu/Desktop/AutonomousRover/adiona_ws/install/local_setup.zsh'
[0.812s] INFO:colcon.colcon_core.shell:Creating prefix chain script '/home/ubuntu/Desktop/AutonomousRover/adiona_ws/install/setup.zsh'
