[0.047s] Invoking command in '/home/burkehill/adiona_description/build/adiona_description': CMAKE_PREFIX_PATH=/opt/ros/foxy /usr/bin/cmake /home/burkehill/adiona_description -DCMAKE_INSTALL_PREFIX=/home/burkehill/adiona_description/install/adiona_description
[0.555s] -- The C compiler identification is GNU 9.3.0
[0.913s] -- The CXX compiler identification is GNU 9.3.0
[0.941s] -- Check for working C compiler: /usr/bin/cc
[1.175s] -- Check for working C compiler: /usr/bin/cc -- works
[1.181s] -- Detecting C compiler ABI info
[1.397s] -- Detecting C compiler ABI info - done
[1.411s] -- Detecting C compile features
[1.413s] -- Detecting C compile features - done
[1.420s] -- Check for working CXX compiler: /usr/bin/c++
[1.664s] -- Check for working CXX compiler: /usr/bin/c++ -- works
[1.668s] -- Detecting CXX compiler ABI info
[1.908s] -- Detecting CXX compiler ABI info - done
[1.922s] -- Detecting CXX compile features
[1.923s] -- Detecting CXX compile features - done
[1.933s] -- Found ament_cmake: 0.9.9 (/opt/ros/foxy/share/ament_cmake/cmake)
[2.000s] -- Found PythonInterp: /usr/bin/python3 (found suitable version "3.8.10", minimum required is "3") 
[2.000s] -- Using PYTHON_EXECUTABLE: /usr/bin/python3
[2.444s] -- Found ament_lint_auto: 0.9.6 (/opt/ros/foxy/share/ament_lint_auto/cmake)
[2.615s] -- Added test 'copyright' to check source files copyright and LICENSE
[2.641s] -- Added test 'cppcheck' to perform static code analysis on C / C++ code
[2.641s] -- Configured cppcheck include dirs: 
[2.641s] -- Configured cppcheck exclude dirs and/or files: 
[2.673s] -- Added test 'cpplint' to check C / C++ code against the Google style
[2.673s] -- Configured cpplint exclude dirs and/or files: 
[2.677s] -- Added test 'flake8' to check Python code syntax and style conventions
[2.685s] -- Added test 'lint_cmake' to check CMake code style
[2.690s] -- Added test 'pep257' to check Python code against some of the style conventions in PEP 257
[2.717s] -- Added test 'uncrustify' to check C / C++ code style
[2.717s] -- Configured uncrustify additional arguments: 
[2.722s] -- Added test 'xmllint' to check XML markup files
[2.729s] -- Configuring done
[2.734s] -- Generating done
[2.736s] -- Build files have been written to: /home/burkehill/adiona_description/build/adiona_description
[2.744s] Invoked command in '/home/burkehill/adiona_description/build/adiona_description' returned '0': CMAKE_PREFIX_PATH=/opt/ros/foxy /usr/bin/cmake /home/burkehill/adiona_description -DCMAKE_INSTALL_PREFIX=/home/burkehill/adiona_description/install/adiona_description
[2.756s] Invoking command in '/home/burkehill/adiona_description/build/adiona_description': CMAKE_PREFIX_PATH=/opt/ros/foxy /usr/bin/cmake --build /home/burkehill/adiona_description/build/adiona_description -- -j2 -l2
[2.890s] Invoked command in '/home/burkehill/adiona_description/build/adiona_description' returned '0': CMAKE_PREFIX_PATH=/opt/ros/foxy /usr/bin/cmake --build /home/burkehill/adiona_description/build/adiona_description -- -j2 -l2
[2.991s] Invoking command in '/home/burkehill/adiona_description/build/adiona_description': CMAKE_PREFIX_PATH=/opt/ros/foxy /usr/bin/cmake --install /home/burkehill/adiona_description/build/adiona_description
[3.021s] -- Install configuration: ""
[3.023s] -- Installing: /home/burkehill/adiona_description/install/adiona_description/share/adiona_description/src
[3.024s] -- Installing: /home/burkehill/adiona_description/install/adiona_description/share/adiona_description/src/description
[3.025s] -- Installing: /home/burkehill/adiona_description/install/adiona_description/share/adiona_description/src/description/adiona_description.urdf
[3.025s] -- Installing: /home/burkehill/adiona_description/install/adiona_description/share/adiona_description/launch
[3.026s] -- Installing: /home/burkehill/adiona_description/install/adiona_description/share/adiona_description/launch/display.launch.py
[3.027s] -- Installing: /home/burkehill/adiona_description/install/adiona_description/share/adiona_description/rviz
[3.027s] -- Installing: /home/burkehill/adiona_description/install/adiona_description/share/adiona_description/rviz/urdf_config.rviz
[3.028s] -- Installing: /home/burkehill/adiona_description/install/adiona_description/share/ament_index/resource_index/package_run_dependencies/adiona_description
[3.029s] -- Installing: /home/burkehill/adiona_description/install/adiona_description/share/ament_index/resource_index/parent_prefix_path/adiona_description
[3.030s] -- Installing: /home/burkehill/adiona_description/install/adiona_description/share/adiona_description/environment/ament_prefix_path.sh
[3.031s] -- Installing: /home/burkehill/adiona_description/install/adiona_description/share/adiona_description/environment/ament_prefix_path.dsv
[3.032s] -- Installing: /home/burkehill/adiona_description/install/adiona_description/share/adiona_description/environment/path.sh
[3.033s] -- Installing: /home/burkehill/adiona_description/install/adiona_description/share/adiona_description/environment/path.dsv
[3.033s] -- Installing: /home/burkehill/adiona_description/install/adiona_description/share/adiona_description/local_setup.bash
[3.034s] -- Installing: /home/burkehill/adiona_description/install/adiona_description/share/adiona_description/local_setup.sh
[3.035s] -- Installing: /home/burkehill/adiona_description/install/adiona_description/share/adiona_description/local_setup.zsh
[3.036s] -- Installing: /home/burkehill/adiona_description/install/adiona_description/share/adiona_description/local_setup.dsv
[3.037s] -- Installing: /home/burkehill/adiona_description/install/adiona_description/share/adiona_description/package.dsv
[3.038s] -- Installing: /home/burkehill/adiona_description/install/adiona_description/share/ament_index/resource_index/packages/adiona_description
[3.039s] -- Installing: /home/burkehill/adiona_description/install/adiona_description/share/adiona_description/cmake/adiona_descriptionConfig.cmake
[3.040s] -- Installing: /home/burkehill/adiona_description/install/adiona_description/share/adiona_description/cmake/adiona_descriptionConfig-version.cmake
[3.040s] -- Installing: /home/burkehill/adiona_description/install/adiona_description/share/adiona_description/package.xml
[3.048s] Invoked command in '/home/burkehill/adiona_description/build/adiona_description' returned '0': CMAKE_PREFIX_PATH=/opt/ros/foxy /usr/bin/cmake --install /home/burkehill/adiona_description/build/adiona_description
